DEBUG main io.netty.buffer.PooledByteBufAllocator - -Dio.netty.allocator.smallCacheSize: 256
DEBUG main io.netty.buffer.PooledByteBufAllocator - -Dio.netty.allocator.normalCacheSize: 64
DEBUG main io.netty.buffer.PooledByteBufAllocator - -Dio.netty.allocator.maxCachedBufferCapacity: 32768
DEBUG main io.netty.buffer.PooledByteBufAllocator - -Dio.netty.allocator.cacheTrimInterval: 8192
DEBUG main io.netty.buffer.PooledByteBufAllocator - -Dio.netty.allocator.cacheTrimIntervalMillis: 0
DEBUG main io.netty.buffer.PooledByteBufAllocator - -Dio.netty.allocator.useCacheForAllThreads: false
DEBUG main io.netty.buffer.PooledByteBufAllocator - -Dio.netty.allocator.maxCachedByteBuffersPerChunk: 1023
DEBUG main io.netty.buffer.ByteBufUtil - -Dio.netty.allocator.type: pooled
DEBUG main io.netty.buffer.ByteBufUtil - -Dio.netty.threadLocalDirectBufferSize: 0
DEBUG main io.netty.buffer.ByteBufUtil - -Dio.netty.maxThreadLocalCharBufferSize: 16384
DEBUG nioEventLoopGroup-2-2 io.netty.util.Recycler - -Dio.netty.recycler.maxCapacityPerThread: 4096
DEBUG nioEventLoopGroup-2-2 io.netty.util.Recycler - -Dio.netty.recycler.ratio: 8
DEBUG nioEventLoopGroup-2-2 io.netty.util.Recycler - -Dio.netty.recycler.chunkSize: 32
DEBUG nioEventLoopGroup-2-2 io.netty.util.Recycler - -Dio.netty.recycler.blocking: false
DEBUG nioEventLoopGroup-2-2 io.netty.buffer.AbstractByteBuf - -Dio.netty.buffer.checkAccessible: true
DEBUG nioEventLoopGroup-2-2 io.netty.buffer.AbstractByteBuf - -Dio.netty.buffer.checkBounds: true
DEBUG nioEventLoopGroup-2-2 io.netty.util.ResourceLeakDetectorFactory - Loaded default ResourceLeakDetector: io.netty.util.ResourceLeakDetector@3d4018fb
INFO nioEventLoopGroup-2-2 org.codec.NettyKryoDecoder - data length: 15
INFO nioEventLoopGroup-2-2 org.codec.NettyKryoDecoder - readableBytes: 15
INFO nioEventLoopGroup-2-2 org.codec.NettyKryoDecoder - successful decode byteBuf to Object
INFO nioEventLoopGroup-2-2 org.server.NettyServerHandler - server receive msg: RpcRequest(interfaceName=interface, methodName=method)
mDependent0 - java.nio.Bits.unaligned: available, true
DEBUG main io.netty.util.internal.PlatformDependent0 - jdk.internal.misc.Unsafe.allocateUninitializedArray(int): unavailable prior to Java9
DEBUG main io.netty.util.internal.PlatformDependent0 - java.nio.DirectByteBuffer.<init>(long, int): available
DEBUG main io.netty.util.internal.PlatformDependent - sun.misc.Unsafe: available
DEBUG main io.netty.util.internal.PlatformDependent - -Dio.netty.tmpdir: /tmp (java.io.tmpdir)
DEBUG main io.netty.util.internal.PlatformDependent - -Dio.netty.bitMode: 64 (sun.arch.data.model)
DEBUG main io.netty.util.internal.PlatformDependent - -Dio.netty.maxDirectMemory: 6507986944 bytes
DEBUG main io.netty.util.internal.PlatformDependent - -Dio.netty.uninitializedArrayAllocationThreshold: -1
DEBUG main io.netty.util.internal.CleanerJava6 - java.nio.ByteBuffer.cleaner(): available
DEBUG main io.netty.util.internal.PlatformDependent - -Dio.netty.noPreferDirect: false
DEBUG main io.netty.channel.nio.NioEventLoop - -Dio.netty.noKeySetOptimization: false
DEBUG main io.netty.channel.nio.NioEventLoop - -Dio.netty.selectorAutoRebuildThreshold: 512
DEBUG main io.netty.util.internal.PlatformDependent - org.jctools-core.MpscChunkedArrayQueue: available
DEBUG main io.netty.channel.DefaultChannelId - -Dio.netty.processId: 18681 (auto-detected)
DEBUG main io.netty.util.NetUtil - -Djava.net.preferIPv4Stack: false
DEBUG main io.netty.util.NetUtil - -Djava.net.preferIPv6Addresses: false
DEBUG main io.netty.util.NetUtilInitializations - Loopback interface: lo (lo, 0:0:0:0:0:0:0:1%lo)
DEBUG main io.netty.util.NetUtil - /proc/sys/net/core/somaxconn: 4096
DEBUG main io.netty.channel.DefaultChannelId - -Dio.netty.machineId: 78:2b:46:ff:fe:d6:04:3e (auto-detected)
DEBUG main io.netty.util.ResourceLeakDetector - -Dio.netty.leakDetection.level: simple
DEBUG main io.netty.util.ResourceLeakDetector - -Dio.netty.leakDetection.targetRecords: 4
DEBUG main io.netty.buffer.PooledByteBufAllocator - -Dio.netty.allocator.numHeapArenas: 32
DEBUG main io.netty.buffer.PooledByteBufAllocator - -Dio.netty.allocator.numDirectArenas: 32
DEBUG main io.netty.buffer.PooledByteBufAllocator - -Dio.netty.allocator.pageSize: 8192
DEBUG main io.netty.buffer.PooledByteBufAllocator - -Dio.netty.allocator.maxOrder: 9
DEBUG main io.netty.buffer.PooledByteBufAllocator - -Dio.netty.allocator.chunkSize: 4194304
DEBUG main io.netty.buffer.PooledByteBufAllocator - -Dio.netty.allocator.smallCacheSize: 256
DEBUG main io.netty.buffer.PooledByteBufAllocator - -Dio.netty.allocator.normalCacheSize: 64
DEBUG main io.netty.buffer.PooledByteBufAllocator - -Dio.netty.allocator.maxCachedBufferCapacity: 32768
DEBUG main io.netty.buffer.PooledByteBufAllocator - -Dio.netty.allocator.cacheTrimInterval: 8192
DEBUG main io.netty.buffer.PooledByteBufAllocator - -Dio.netty.allocator.cacheTrimIntervalMillis: 0
DEBUG main io.netty.buffer.PooledByteBufAllocator - -Dio.netty.allocator.useCacheForAllThreads: false
DEBUG main io.netty.buffer.PooledByteBufAllocator - -Dio.netty.allocator.maxCachedByteBuffersPerChunk: 1023
DEBUG main io.netty.buffer.ByteBufUtil - -Dio.netty.allocator.type: pooled
DEBUG main io.netty.buffer.ByteBufUtil - -Dio.netty.threadLocalDirectBufferSize: 0
DEBUG main io.netty.buffer.ByteBufUtil - -Dio.netty.maxThreadLocalCharBufferSize: 16384
INFO main org.client.NettyClient - connect success
DEBUG main io.netty.util.Recycler - -Dio.netty.recycler.maxCapacityPerThread: 4096
DEBUG main io.netty.util.Recycler - -Dio.netty.recycler.ratio: 8
DEBUG main io.netty.util.Recycler - -Dio.netty.recycler.chunkSize: 32
DEBUG main io.netty.util.Recycler - -Dio.netty.recycler.blocking: false
DEBUG nioEventLoopGroup-2-1 io.netty.buffer.AbstractByteBuf - -Dio.netty.buffer.checkAccessible: true
DEBUG nioEventLoopGroup-2-1 io.netty.buffer.AbstractByteBuf - -Dio.netty.buffer.checkBounds: true
DEBUG nioEventLoopGroup-2-1 io.netty.util.ResourceLeakDetectorFactory - Loaded default ResourceLeakDetector: io.netty.util.ResourceLeakDetector@305b207d
INFO nioEventLoopGroup-2-1 org.client.NettyClient - client send message: [RpcRequest(interfaceName=interface, methodName=method)]
INFO nioEventLoopGroup-2-1 org.codec.NettyKryoDecoder - data length: 5
INFO nioEventLoopGroup-2-1 org.codec.NettyKryoDecoder - readableBytes: 5
INFO nioEventLoopGroup-2-1 org.codec.NettyKryoDecoder - successful decode byteBuf to Object
DEBUG main io.netty.util.internal.logging.InternalLoggerFactory - Using SLF4J as the default logging framework
DEBUG main io.netty.channel.MultithreadEventLoopGroup - -Dio.netty.eventLoopThreads: 32
DEBUG main io.netty.util.internal.InternalThreadLocalMap - -Dio.netty.threadLocalMap.stringBuilder.initialSize: 1024
DEBUG main io.netty.util.internal.InternalThreadLocalMap - -Dio.netty.threadLocalMap.stringBuilder.maxSize: 4096
DEBUG main io.netty.util.internal.PlatformDependent0 - -Dio.netty.noUnsafe: false
DEBUG main io.netty.util.internal.PlatformDependent0 - Java version: 8
DEBUG main io.netty.util.internal.PlatformDependent0 - sun.misc.Unsafe.theUnsafe: available
DEBUG main io.netty.util.internal.PlatformDependent0 - sun.misc.Unsafe.copyMemory: available
DEBUG main io.netty.util.internal.PlatformDependent0 - sun.misc.Unsafe.storeFence: available
DEBUG main io.netty.util.internal.PlatformDependent0 - java.nio.Buffer.address: available
DEBUG main io.netty.util.internal.PlatformDependent0 - direct buffer constructor: available
DEBUG main io.netty.util.internal.PlatformDependent0 - java.nio.Bits.unaligned: available, true
DEBUG main io.netty.util.internal.PlatformDependent0 - jdk.internal.misc.Unsafe.allocateUninitializedArray(int): unavailable prior to Java9
DEBUG main io.netty.util.internal.PlatformDependent0 - java.nio.DirectByteBuffer.<init>(long, int): available
DEBUG main io.netty.util.internal.PlatformDependent - sun.misc.Unsafe: available
DEBUG main io.netty.util.internal.PlatformDependent - -Dio.netty.tmpdir: /tmp (java.io.tmpdir)
DEBUG main io.netty.util.internal.PlatformDependent - -Dio.netty.bitMode: 64 (sun.arch.data.model)
DEBUG main io.netty.util.internal.PlatformDependent - -Dio.netty.maxDirectMemory: 6507986944 bytes
DEBUG main io.netty.util.internal.PlatformDependent - -Dio.netty.uninitializedArrayAllocationThreshold: -1
DEBUG main io.netty.util.internal.CleanerJava6 - java.nio.ByteBuffer.cleaner(): available
DEBUG main io.netty.util.internal.PlatformDependent - -Dio.netty.noPreferDirect: false
DEBUG main io.netty.channel.nio.NioEventLoop - -Dio.netty.noKeySetOptimization: false
DEBUG main io.netty.channel.nio.NioEventLoop - -Dio.netty.selectorAutoRebuildThreshold: 512
DEBUG main io.netty.util.internal.PlatformDependent - org.jctools-core.MpscChunkedArrayQueue: available
DEBUG main io.netty.channel.DefaultChannelId - -Dio.netty.processId: 18862 (auto-detected)
DEBUG main io.netty.util.NetUtil - -Djava.net.preferIPv4Stack: false
DEBUG main io.netty.util.NetUtil - -Djava.net.preferIPv6Addresses: false
DEBUG main io.netty.util.NetUtilInitializations - Loopback interface: lo (lo, 0:0:0:0:0:0:0:1%lo)
DEBUG main io.netty.util.NetUtil - /proc/sys/net/core/somaxconn: 4096
DEBUG main io.netty.channel.DefaultChannelId - -Dio.netty.machineId: 78:2b:46:ff:fe:d6:04:3e (auto-detected)
DEBUG main io.netty.util.ResourceLeakDetector - -Dio.netty.leakDetection.level: simple
DEBUG main io.netty.util.ResourceLeakDetector - -Dio.netty.leakDetection.targetRecords: 4
DEBUG main io.netty.buffer.PooledByteBufAllocator - -Dio.netty.allocator.numHeapArenas: 32
DEBUG main io.netty.buffer.PooledByteBufAllocator - -Dio.netty.allocator.numDirectArenas: 32
DEBUG main io.netty.buffer.PooledByteBufAllocator - -Dio.netty.allocator.pageSize: 8192
DEBUG main io.netty.buffer.PooledByteBufAllocator - -Dio.netty.allocator.maxOrder: 9
DEBUG main io.netty.buffer.PooledByteBufAllocator - -Dio.netty.allocator.chunkSize: 4194304
DEBUG main io.netty.buffer.PooledByteBufAllocator - -Dio.netty.allocator.smallCacheSize: 256
DEBUG main io.netty.buffer.PooledByteBufAllocator - -Dio.netty.allocator.normalCacheSize: 64
DEBUG main io.netty.buffer.PooledByteBufAllocator - -Dio.netty.allocator.maxCachedBufferCapacity: 32768
DEBUG main io.netty.buffer.PooledByteBufAllocator - -Dio.netty.allocator.cacheTrimInterval: 8192
DEBUG main io.netty.buffer.PooledByteBufAllocator - -Dio.netty.allocator.cacheTrimIntervalMillis: 0
DEBUG main io.netty.buffer.PooledByteBufAllocator - -Dio.netty.allocator.useCacheForAllThreads: false
DEBUG main io.netty.buffer.PooledByteBufAllocator - -Dio.netty.allocator.maxCachedByteBuffersPerChunk: 1023
DEBUG main io.netty.buffer.ByteBufUtil - -Dio.netty.allocator.type: pooled
DEBUG main io.netty.buffer.ByteBufUtil - -Dio.netty.threadLocalDirectBufferSize: 0
DEBUG main io.netty.buffer.ByteBufUtil - -Dio.netty.maxThreadLocalCharBufferSize: 16384
DEBUG main io.netty.util.internal.logging.InternalLoggerFactory - Using SLF4J as the default logging framework
DEBUG main io.netty.channel.MultithreadEventLoopGroup - -Dio.netty.eventLoopThreads: 32
DEBUG main io.netty.util.internal.InternalThreadLocalMap - -Dio.netty.threadLocalMap.stringBuilder.initialSize: 1024
DEBUG main io.netty.util.internal.InternalThreadLocalMap - -Dio.netty.threadLocalMap.stringBuilder.maxSize: 4096
DEBUG main io.netty.util.internal.PlatformDependent0 - -Dio.netty.noUnsafe: false
DEBUG main io.netty.util.internal.PlatformDependent0 - Java version: 8
DEBUG main io.netty.util.internal.PlatformDependent0 - sun.misc.Unsafe.theUnsafe: available
DEBUG main io.netty.util.internal.PlatformDependent0 - sun.misc.Unsafe.copyMemory: available
DEBUG main io.netty.util.internal.PlatformDependent0 - sun.misc.Unsafe.storeFence: available
DEBUG main io.netty.util.internal.PlatformDependent0 - java.nio.Buffer.address: available
DEBUG main io.netty.util.internal.PlatformDependent0 - direct buffer constructor: available
DEBUG main io.netty.util.internal.PlatformDependent0 - java.nio.Bits.unaligned: available, true
DEBUG main io.netty.util.internal.PlatformDependent0 - jdk.internal.misc.Unsafe.allocateUninitializedArray(int): unavailable prior to Java9
DEBUG main io.netty.util.internal.PlatformDependent0 - java.nio.DirectByteBuffer.<init>(long, int): available
DEBUG main io.netty.util.internal.PlatformDependent - sun.misc.Unsafe: available
DEBUG main io.netty.util.internal.PlatformDependent - -Dio.netty.tmpdir: /tmp (java.io.tmpdir)
DEBUG main io.netty.util.internal.PlatformDependent - -Dio.netty.bitMode: 64 (sun.arch.data.model)
DEBUG main io.netty.util.internal.PlatformDependent - -Dio.netty.maxDirectMemory: 6507986944 bytes
DEBUG main io.netty.util.internal.PlatformDependent - -Dio.netty.uninitializedArrayAllocationThreshold: -1
DEBUG main io.netty.util.internal.CleanerJava6 - java.nio.ByteBuffer.cleaner(): available
DEBUG main io.netty.util.internal.PlatformDependent - -Dio.netty.noPreferDirect: false
DEBUG main io.netty.channel.nio.NioEventLoop - -Dio.netty.noKeySetOptimization: false
DEBUG main io.netty.channel.nio.NioEventLoop - -Dio.netty.selectorAutoRebuildThreshold: 512
DEBUG main io.netty.util.internal.PlatformDependent - org.jctools-core.MpscChunkedArrayQueue: available
DEBUG main io.netty.channel.DefaultChannelId - -Dio.netty.processId: 18948 (auto-detected)
DEBUG main io.netty.util.NetUtil - -Djava.net.preferIPv4Stack: false
DEBUG main io.netty.util.NetUtil - -Djava.net.preferIPv6Addresses: false
DEBUG main io.netty.util.NetUtilInitializations - Loopback interface: lo (lo, 0:0:0:0:0:0:0:1%lo)
DEBUG main io.netty.util.NetUtil - /proc/sys/net/core/somaxconn: 4096
DEBUG main io.netty.channel.DefaultChannelId - -Dio.netty.machineId: 78:2b:46:ff:fe:d6:04:3e (auto-detected)
DEBUG main io.netty.util.ResourceLeakDetector - -Dio.netty.leakDetection.level: simple
DEBUG main io.netty.util.ResourceLeakDetector - -Dio.netty.leakDetection.targetRecords: 4
DEBUG main io.netty.buffer.PooledByteBufAllocator - -Dio.netty.allocator.numHeapArenas: 32
DEBUG main io.netty.buffer.PooledByteBufAllocator - -Dio.netty.allocator.numDirectArenas: 32
DEBUG main io.netty.buffer.PooledByteBufAllocator - -Dio.netty.allocator.pageSize: 8192
DEBUG main io.netty.buffer.PooledByteBufAllocator - -Dio.netty.allocator.maxOrder: 9
DEBUG main io.netty.buffer.PooledByteBufAllocator - -Dio.netty.allocator.chunkSize: 4194304
DEBUG main io.netty.buffer.PooledByteBufAllocator - -Dio.netty.allocator.smallCacheSize: 256
DEBUG main io.netty.buffer.PooledByteBufAllocator - -Dio.netty.allocator.normalCacheSize: 64
DEBUG main io.netty.buffer.PooledByteBufAllocator - -Dio.netty.allocator.maxCachedBufferCapacity: 32768
DEBUG main io.netty.buffer.PooledByteBufAllocator - -Dio.netty.allocator.cacheTrimInterval: 8192
DEBUG main io.netty.buffer.PooledByteBufAllocator - -Dio.netty.allocator.cacheTrimIntervalMillis: 0
DEBUG main io.netty.buffer.PooledByteBufAllocator - -Dio.netty.allocator.useCacheForAllThreads: false
DEBUG main io.netty.buffer.PooledByteBufAllocator - -Dio.netty.allocator.maxCachedByteBuffersPerChunk: 1023
DEBUG main io.netty.buffer.ByteBufUtil - -Dio.netty.allocator.type: pooled
DEBUG main io.netty.buffer.ByteBufUtil - -Dio.netty.threadLocalDirectBufferSize: 0
DEBUG main io.netty.buffer.ByteBufUtil - -Dio.netty.maxThreadLocalCharBufferSize: 16384
INFO main org.client.NettyClient - connect success
DEBUG main io.netty.util.Recycler - -Dio.netty.recycler.maxCapacityPerThread: 4096
DEBUG main io.netty.util.Recycler - -Dio.netty.recycler.ratio: 8
DEBUG main io.netty.util.Recycler - -Dio.netty.recycler.chunkSize: 32
DEBUG main io.netty.util.Recycler - -Dio.netty.recycler.blocking: false
DEBUG nioEventLoopGroup-2-1 io.netty.buffer.AbstractByteBuf - -Dio.netty.buffer.checkAccessible: true
DEBUG nioEventLoopGroup-2-1 io.netty.buffer.AbstractByteBuf - -Dio.netty.buffer.checkBounds: true
DEBUG nioEventLoopGroup-2-1 io.netty.util.ResourceLeakDetectorFactory - Loaded default ResourceLeakDetector: io.netty.util.ResourceLeakDetector@28b5d045
INFO nioEventLoopGroup-2-1 org.client.NettyClient - client send message: [RpcRequest(interfaceName=interface, methodName=method)]
DEBUG nioEventLoopGroup-2-2 io.netty.util.Recycler - -Dio.netty.recycler.maxCapacityPerThread: 4096
DEBUG nioEventLoopGroup-2-2 io.netty.util.Recycler - -Dio.netty.recycler.ratio: 8
DEBUG nioEventLoopGroup-2-2 io.netty.util.Recycler - -Dio.netty.recycler.chunkSize: 32
DEBUG nioEventLoopGroup-2-2 io.netty.util.Recycler - -Dio.netty.recycler.blocking: false
DEBUG nioEventLoopGroup-2-2 io.netty.buffer.AbstractByteBuf - -Dio.netty.buffer.checkAccessible: true
DEBUG nioEventLoopGroup-2-2 io.netty.buffer.AbstractByteBuf - -Dio.netty.buffer.checkBounds: true
DEBUG nioEventLoopGroup-2-2 io.netty.util.ResourceLeakDetectorFactory - Loaded default ResourceLeakDetector: io.netty.util.ResourceLeakDetector@73c3ac27
INFO nioEventLoopGroup-2-2 org.codec.NettyKryoDecoder - data length: 15
INFO nioEventLoopGroup-2-2 org.codec.NettyKryoDecoder - readableBytes: 15
INFO nioEventLoopGroup-2-2 org.codec.NettyKryoDecoder - successful decode byteBuf to Object
INFO nioEventLoopGroup-2-2 org.server.NettyServerHandler - server receive msg: RpcRequest(interfaceName=interface, methodName=method)
INFO nioEventLoopGroup-2-1 org.codec.NettyKryoDecoder - data length: 5
INFO nioEventLoopGroup-2-1 org.codec.NettyKryoDecoder - readableBytes: 5
INFO nioEventLoopGroup-2-1 org.codec.NettyKryoDecoder - successful decode byteBuf to Object
INFO main org.client.NettyClient - rpcResponse: RpcResponse(message=hello)
DEBUG main io.netty.util.internal.logging.InternalLoggerFactory - Using SLF4J as the default logging framework
DEBUG main io.netty.channel.MultithreadEventLoopGroup - -Dio.netty.eventLoopThreads: 32
DEBUG main io.netty.util.internal.InternalThreadLocalMap - -Dio.netty.threadLocalMap.stringBuilder.initialSize: 1024
DEBUG main io.netty.util.internal.InternalThreadLocalMap - -Dio.netty.threadLocalMap.stringBuilder.maxSize: 4096
DEBUG main io.netty.util.internal.PlatformDependent0 - -Dio.netty.noUnsafe: false
DEBUG main io.netty.util.internal.PlatformDependent0 - Java version: 8
DEBUG main io.netty.util.internal.PlatformDependent0 - sun.misc.Unsafe.theUnsafe: available
DEBUG main io.netty.util.internal.PlatformDependent0 - sun.misc.Unsafe.copyMemory: available
DEBUG main io.netty.util.internal.PlatformDependent0 - sun.misc.Unsafe.storeFence: available
DEBUG main io.netty.util.internal.PlatformDependent0 - java.nio.Buffer.address: available
DEBUG main io.netty.util.internal.PlatformDependent0 - direct buffer constructor: available
DEBUG main io.netty.util.internal.PlatformDependent0 - java.nio.Bits.unaligned: available, true
DEBUG main io.netty.util.internal.PlatformDependent0 - jdk.internal.misc.Unsafe.allocateUninitializedArray(int): unavailable prior to Java9
DEBUG main io.netty.util.internal.PlatformDependent0 - java.nio.DirectByteBuffer.<init>(long, int): available
DEBUG main io.netty.util.internal.PlatformDependent - sun.misc.Unsafe: available
DEBUG main io.netty.util.internal.PlatformDependent - -Dio.netty.tmpdir: /tmp (java.io.tmpdir)
DEBUG main io.netty.util.internal.PlatformDependent - -Dio.netty.bitMode: 64 (sun.arch.data.model)
DEBUG main io.netty.util.internal.PlatformDependent - -Dio.netty.maxDirectMemory: 6507986944 bytes
DEBUG main io.netty.util.internal.PlatformDependent - -Dio.netty.uninitializedArrayAllocationThreshold: -1
DEBUG main io.netty.util.internal.CleanerJava6 - java.nio.ByteBuffer.cleaner(): available
DEBUG main io.netty.util.internal.PlatformDependent - -Dio.netty.noPreferDirect: false
DEBUG main io.netty.channel.nio.NioEventLoop - -Dio.netty.noKeySetOptimization: false
DEBUG main io.netty.channel.nio.NioEventLoop - -Dio.netty.selectorAutoRebuildThreshold: 512
DEBUG main io.netty.util.internal.PlatformDependent - org.jctools-core.MpscChunkedArrayQueue: available
DEBUG main io.netty.channel.DefaultChannelId - -Dio.netty.processId: 19105 (auto-detected)
DEBUG main io.netty.util.NetUtil - -Djava.net.preferIPv4Stack: false
DEBUG main io.netty.util.NetUtil - -Djava.net.preferIPv6Addresses: false
DEBUG main io.netty.util.NetUtilInitializations - Loopback interface: lo (lo, 0:0:0:0:0:0:0:1%lo)
DEBUG main io.netty.util.NetUtil - /proc/sys/net/core/somaxconn: 4096
DEBUG main io.netty.channel.DefaultChannelId - -Dio.netty.machineId: 78:2b:46:ff:fe:d6:04:3e (auto-detected)
DEBUG main io.netty.util.ResourceLeakDetector - -Dio.netty.leakDetection.level: simple
DEBUG main io.netty.util.ResourceLeakDetector - -Dio.netty.leakDetection.targetRecords: 4
DEBUG main io.netty.buffer.PooledByteBufAllocator - -Dio.netty.allocator.numHeapArenas: 32
DEBUG main io.netty.buffer.PooledByteBufAllocator - -Dio.netty.allocator.numDirectArenas: 32
DEBUG main io.netty.buffer.PooledByteBufAllocator - -Dio.netty.allocator.pageSize: 8192
DEBUG main io.netty.buffer.PooledByteBufAllocator - -Dio.netty.allocator.maxOrder: 9
DEBUG main io.netty.buffer.PooledByteBufAllocator - -Dio.netty.allocator.chunkSize: 4194304
DEBUG main io.netty.buffer.PooledByteBufAllocator - -Dio.netty.allocator.smallCacheSize: 256
DEBUG main io.netty.buffer.PooledByteBufAllocator - -Dio.netty.allocator.normalCacheSize: 64
DEBUG main io.netty.buffer.PooledByteBufAllocator - -Dio.netty.allocator.maxCachedBufferCapacity: 32768
DEBUG main io.netty.buffer.PooledByteBufAllocator - -Dio.netty.allocator.cacheTrimInterval: 8192
DEBUG main io.netty.buffer.PooledByteBufAllocator - -Dio.netty.allocator.cacheTrimIntervalMillis: 0
DEBUG main io.netty.buffer.PooledByteBufAllocator - -Dio.netty.allocator.useCacheForAllThreads: false
DEBUG main io.netty.buffer.PooledByteBufAllocator - -Dio.netty.allocator.maxCachedByteBuffersPerChunk: 1023
DEBUG main io.netty.buffer.ByteBufUtil - -Dio.netty.allocator.type: pooled
DEBUG main io.netty.buffer.ByteBufUtil - -Dio.netty.threadLocalDirectBufferSize: 0
DEBUG main io.netty.buffer.ByteBufUtil - -Dio.netty.maxThreadLocalCharBufferSize: 16384
DEBUG main io.netty.util.internal.logging.InternalLoggerFactory - Using SLF4J as the default logging framework
DEBUG main io.netty.channel.MultithreadEventLoopGroup - -Dio.netty.eventLoopThreads: 32
DEBUG main io.netty.util.internal.InternalThreadLocalMap - -Dio.netty.threadLocalMap.stringBuilder.initialSize: 1024
DEBUG main io.netty.util.internal.InternalThreadLocalMap - -Dio.netty.threadLocalMap.stringBuilder.maxSize: 4096
DEBUG main io.netty.util.internal.PlatformDependent0 - -Dio.netty.noUnsafe: false
DEBUG main io.netty.util.internal.PlatformDependent0 - Java version: 8
DEBUG main io.netty.util.internal.PlatformDependent0 - sun.misc.Unsafe.theUnsafe: available
DEBUG main io.netty.util.internal.PlatformDependent0 - sun.misc.Unsafe.copyMemory: available
DEBUG main io.netty.util.internal.PlatformDependent0 - sun.misc.Unsafe.storeFence: available
DEBUG main io.netty.util.internal.PlatformDependent0 - java.nio.Buffer.address: available
DEBUG main io.netty.util.internal.PlatformDependent0 - direct buffer constructor: available
DEBUG main io.netty.util.internal.PlatformDependent0 - java.nio.Bits.unaligned: available, true
DEBUG main io.netty.util.internal.PlatformDependent0 - jdk.internal.misc.Unsafe.allocateUninitializedArray(int): unavailable prior to Java9
DEBUG main io.netty.util.internal.PlatformDependent0 - java.nio.DirectByteBuffer.<init>(long, int): available
DEBUG main io.netty.util.internal.PlatformDependent - sun.misc.Unsafe: available
DEBUG main io.netty.util.internal.PlatformDependent - -Dio.netty.tmpdir: /tmp (java.io.tmpdir)
DEBUG main io.netty.util.internal.PlatformDependent - -Dio.netty.bitMode: 64 (sun.arch.data.model)
DEBUG main io.netty.util.internal.PlatformDependent - -Dio.netty.maxDirectMemory: 6507986944 bytes
DEBUG main io.netty.util.internal.PlatformDependent - -Dio.netty.uninitializedArrayAllocationThreshold: -1
DEBUG main io.netty.util.internal.CleanerJava6 - java.nio.ByteBuffer.cleaner(): available
DEBUG main io.netty.util.internal.PlatformDependent - -Dio.netty.noPreferDirect: false
DEBUG main io.netty.channel.nio.NioEventLoop - -Dio.netty.noKeySetOptimization: false
DEBUG main io.netty.channel.nio.NioEventLoop - -Dio.netty.selectorAutoRebuildThreshold: 512
DEBUG main io.netty.util.internal.PlatformDependent - org.jctools-core.MpscChunkedArrayQueue: available
DEBUG main io.netty.channel.DefaultChannelId - -Dio.netty.processId: 19193 (auto-detected)
DEBUG main io.netty.util.NetUtil - -Djava.net.preferIPv4Stack: false
DEBUG main io.netty.util.NetUtil - -Djava.net.preferIPv6Addresses: false
DEBUG main io.netty.util.NetUtilInitializations - Loopback interface: lo (lo, 0:0:0:0:0:0:0:1%lo)
DEBUG main io.netty.util.NetUtil - /proc/sys/net/core/somaxconn: 4096
DEBUG main io.netty.channel.DefaultChannelId - -Dio.netty.machineId: 78:2b:46:ff:fe:d6:04:3e (auto-detected)
DEBUG main io.netty.util.ResourceLeakDetector - -Dio.netty.leakDetection.level: simple
DEBUG main io.netty.util.ResourceLeakDetector - -Dio.netty.leakDetection.targetRecords: 4
DEBUG main io.netty.buffer.PooledByteBufAllocator - -Dio.netty.allocator.numHeapArenas: 32
DEBUG main io.netty.buffer.PooledByteBufAllocator - -Dio.netty.allocator.numDirectArenas: 32
DEBUG main io.netty.buffer.PooledByteBufAllocator - -Dio.netty.allocator.pageSize: 8192
DEBUG main io.netty.buffer.PooledByteBufAllocator - -Dio.netty.allocator.maxOrder: 9
DEBUG main io.netty.buffer.PooledByteBufAllocator - -Dio.netty.allocator.chunkSize: 4194304
DEBUG main io.netty.buffer.PooledByteBufAllocator - -Dio.netty.allocator.smallCacheSize: 256
DEBUG main io.netty.buffer.PooledByteBufAllocator - -Dio.netty.allocator.normalCacheSize: 64
DEBUG main io.netty.buffer.PooledByteBufAllocator - -Dio.netty.allocator.maxCachedBufferCapacity: 32768
DEBUG main io.netty.buffer.PooledByteBufAllocator - -Dio.netty.allocator.cacheTrimInterval: 8192
DEBUG main io.netty.buffer.PooledByteBufAllocator - -Dio.netty.allocator.cacheTrimIntervalMillis: 0
DEBUG main io.netty.buffer.PooledByteBufAllocator - -Dio.netty.allocator.useCacheForAllThreads: false
DEBUG main io.netty.buffer.PooledByteBufAllocator - -Dio.netty.allocator.maxCachedByteBuffersPerChunk: 1023
DEBUG main io.netty.buffer.ByteBufUtil - -Dio.netty.allocator.type: pooled
DEBUG main io.netty.buffer.ByteBufUtil - -Dio.netty.threadLocalDirectBufferSize: 0
DEBUG main io.netty.buffer.ByteBufUtil - -Dio.netty.maxThreadLocalCharBufferSize: 16384
INFO main org.client.NettyClient - connect success
DEBUG main io.netty.util.Recycler - -Dio.netty.recycler.maxCapacityPerThread: 4096
DEBUG main io.netty.util.Recycler - -Dio.netty.recycler.ratio: 8
DEBUG main io.netty.util.Recycler - -Dio.netty.recycler.chunkSize: 32
DEBUG main io.netty.util.Recycler - -Dio.netty.recycler.blocking: false
DEBUG nioEventLoopGroup-2-1 io.netty.buffer.AbstractByteBuf - -Dio.netty.buffer.checkAccessible: true
DEBUG nioEventLoopGroup-2-1 io.netty.buffer.AbstractByteBuf - -Dio.netty.buffer.checkBounds: true
DEBUG nioEventLoopGroup-2-1 io.netty.util.ResourceLeakDetectorFactory - Loaded default ResourceLeakDetector: io.netty.util.ResourceLeakDetector@28b5d045
INFO nioEventLoopGroup-2-1 org.client.NettyClient - client send message: [RpcRequest(interfaceName=interface, methodName=method)]
DEBUG nioEventLoopGroup-2-2 io.netty.util.Recycler - -Dio.netty.recycler.maxCapacityPerThread: 4096
DEBUG nioEventLoopGroup-2-2 io.netty.util.Recycler - -Dio.netty.recycler.ratio: 8
DEBUG nioEventLoopGroup-2-2 io.netty.util.Recycler - -Dio.netty.recycler.chunkSize: 32
DEBUG nioEventLoopGroup-2-2 io.netty.util.Recycler - -Dio.netty.recycler.blocking: false
DEBUG nioEventLoopGroup-2-2 io.netty.buffer.AbstractByteBuf - -Dio.netty.buffer.checkAccessible: true
DEBUG nioEventLoopGroup-2-2 io.netty.buffer.AbstractByteBuf - -Dio.netty.buffer.checkBounds: true
DEBUG nioEventLoopGroup-2-2 io.netty.util.ResourceLeakDetectorFactory - Loaded default ResourceLeakDetector: io.netty.util.ResourceLeakDetector@73c3ac27
INFO nioEventLoopGroup-2-2 org.codec.NettyKryoDecoder - data length: 15
INFO nioEventLoopGroup-2-2 org.codec.NettyKryoDecoder - readableBytes: 15
INFO nioEventLoopGroup-2-2 org.codec.NettyKryoDecoder - successful decode byteBuf to Object
INFO nioEventLoopGroup-2-2 org.server.NettyServerHandler - server receive msg: RpcRequest(interfaceName=interface, methodName=method)
INFO nioEventLoopGroup-2-1 org.codec.NettyKryoDecoder - data length: 5
INFO nioEventLoopGroup-2-1 org.codec.NettyKryoDecoder - readableBytes: 5
INFO nioEventLoopGroup-2-1 org.codec.NettyKryoDecoder - successful decode byteBuf to Object
INFO main org.client.NettyClient - rpcResponse: hello
DEBUG main io.netty.util.internal.logging.InternalLoggerFactory - Using SLF4J as the default logging framework
DEBUG main io.netty.channel.MultithreadEventLoopGroup - -Dio.netty.eventLoopThreads: 32
DEBUG main io.netty.util.internal.InternalThreadLocalMap - -Dio.netty.threadLocalMap.stringBuilder.initialSize: 1024
DEBUG main io.netty.util.internal.InternalThreadLocalMap - -Dio.netty.threadLocalMap.stringBuilder.maxSize: 4096
DEBUG main io.netty.util.internal.PlatformDependent0 - -Dio.netty.noUnsafe: false
DEBUG main io.netty.util.internal.PlatformDependent0 - Java version: 8
DEBUG main io.netty.util.internal.PlatformDependent0 - sun.misc.Unsafe.theUnsafe: available
DEBUG main io.netty.util.internal.PlatformDependent0 - sun.misc.Unsafe.copyMemory: available
DEBUG main io.netty.util.internal.PlatformDependent0 - sun.misc.Unsafe.storeFence: available
DEBUG main io.netty.util.internal.PlatformDependent0 - java.nio.Buffer.address: available
DEBUG main io.netty.util.internal.PlatformDependent0 - direct buffer constructor: available
DEBUG main io.netty.util.internal.PlatformDependent0 - java.nio.Bits.unaligned: available, true
DEBUG main io.netty.util.internal.PlatformDependent0 - jdk.internal.misc.Unsafe.allocateUninitializedArray(int): unavailable prior to Java9
DEBUG main io.netty.util.internal.PlatformDependent0 - java.nio.DirectByteBuffer.<init>(long, int): available
DEBUG main io.netty.util.internal.PlatformDependent - sun.misc.Unsafe: available
DEBUG main io.netty.util.internal.PlatformDependent - -Dio.netty.tmpdir: /tmp (java.io.tmpdir)
DEBUG main io.netty.util.internal.PlatformDependent - -Dio.netty.bitMode: 64 (sun.arch.data.model)
DEBUG main io.netty.util.internal.PlatformDependent - -Dio.netty.maxDirectMemory: 6507986944 bytes
DEBUG main io.netty.util.internal.PlatformDependent - -Dio.netty.uninitializedArrayAllocationThreshold: -1
DEBUG main io.netty.util.internal.CleanerJava6 - java.nio.ByteBuffer.cleaner(): available
DEBUG main io.netty.util.internal.PlatformDependent - -Dio.netty.noPreferDirect: false
DEBUG main io.netty.channel.nio.NioEventLoop - -Dio.netty.noKeySetOptimization: false
DEBUG main io.netty.channel.nio.NioEventLoop - -Dio.netty.selectorAutoRebuildThreshold: 512
DEBUG main io.netty.util.internal.PlatformDependent - org.jctools-core.MpscChunkedArrayQueue: available
DEBUG main io.netty.channel.DefaultChannelId - -Dio.netty.processId: 24889 (auto-detected)
DEBUG main io.netty.util.NetUtil - -Djava.net.preferIPv4Stack: false
DEBUG main io.netty.util.NetUtil - -Djava.net.preferIPv6Addresses: false
DEBUG main io.netty.util.NetUtilInitializations - Loopback interface: lo (lo, 0:0:0:0:0:0:0:1%lo)
DEBUG main io.netty.util.NetUtil - /proc/sys/net/core/somaxconn: 4096
DEBUG main io.netty.channel.DefaultChannelId - -Dio.netty.machineId: 78:2b:46:ff:fe:d6:04:3e (auto-detected)
DEBUG main io.netty.util.ResourceLeakDetector - -Dio.netty.leakDetection.level: simple
DEBUG main io.netty.util.ResourceLeakDetector - -Dio.netty.leakDetection.targetRecords: 4
DEBUG main io.netty.buffer.PooledByteBufAllocator - -Dio.netty.allocator.numHeapArenas: 32
DEBUG main io.netty.buffer.PooledByteBufAllocator - -Dio.netty.allocator.numDirectArenas: 32
DEBUG main io.netty.buffer.PooledByteBufAllocator - -Dio.netty.allocator.pageSize: 8192
DEBUG main io.netty.buffer.PooledByteBufAllocator - -Dio.netty.allocator.maxOrder: 9
DEBUG main io.netty.buffer.PooledByteBufAllocator - -Dio.netty.allocator.chunkSize: 4194304
DEBUG main io.netty.buffer.PooledByteBufAllocator - -Dio.netty.allocator.smallCacheSize: 256
DEBUG main io.netty.buffer.PooledByteBufAllocator - -Dio.netty.allocator.normalCacheSize: 64
DEBUG main io.netty.buffer.PooledByteBufAllocator - -Dio.netty.allocator.maxCachedBufferCapacity: 32768
DEBUG main io.netty.buffer.PooledByteBufAllocator - -Dio.netty.allocator.cacheTrimInterval: 8192
DEBUG main io.netty.buffer.PooledByteBufAllocator - -Dio.netty.allocator.cacheTrimIntervalMillis: 0
DEBUG main io.netty.buffer.PooledByteBufAllocator - -Dio.netty.allocator.useCacheForAllThreads: false
DEBUG main io.netty.buffer.PooledByteBufAllocator - -Dio.netty.allocator.maxCachedByteBuffersPerChunk: 1023
DEBUG main io.netty.buffer.ByteBufUtil - -Dio.netty.allocator.type: pooled
DEBUG main io.netty.buffer.ByteBufUtil - -Dio.netty.threadLocalDirectBufferSize: 0
DEBUG main io.netty.buffer.ByteBufUtil - -Dio.netty.maxThreadLocalCharBufferSize: 16384
INFO main org.client.NettyClient - connect success
DEBUG main io.netty.util.Recycler - -Dio.netty.recycler.maxCapacityPerThread: 4096
DEBUG main io.netty.util.Recycler - -Dio.netty.recycler.ratio: 8
DEBUG main io.netty.util.Recycler - -Dio.netty.recycler.chunkSize: 32
DEBUG main io.netty.util.Recycler - -Dio.netty.recycler.blocking: false
DEBUG nioEventLoopGroup-3-1 io.netty.buffer.AbstractByteBuf - -Dio.netty.buffer.checkAccessible: true
DEBUG nioEventLoopGroup-3-1 io.netty.buffer.AbstractByteBuf - -Dio.netty.buffer.checkBounds: true
DEBUG nioEventLoopGroup-3-1 io.netty.util.ResourceLeakDetectorFactory - Loaded default ResourceLeakDetector: io.netty.util.ResourceLeakDetector@7421509d
INFO nioEventLoopGroup-3-1 org.client.NettyClient - client send message: RpcRequest(interfaceName=interface, methodName=method)
INFO nioEventLoopGroup-2-2 org.codec.NettyKryoDecoder - data length: 15
INFO nioEventLoopGroup-2-2 org.codec.NettyKryoDecoder - readableBytes: 15
INFO nioEventLoopGroup-2-2 org.codec.NettyKryoDecoder - successful decode byteBuf to Object
INFO nioEventLoopGroup-2-2 org.server.NettyServerHandler - server receive msg: RpcRequest(interfaceName=interface, methodName=method)
INFO nioEventLoopGroup-3-1 org.codec.NettyKryoDecoder - data length: 5
INFO nioEventLoopGroup-3-1 org.codec.NettyKryoDecoder - readableBytes: 5
INFO nioEventLoopGroup-3-1 org.codec.NettyKryoDecoder - successful decode byteBuf to Object
INFO main org.Main - rpcResponse: hello
DEBUG main io.netty.util.internal.logging.InternalLoggerFactory - Using SLF4J as the default logging framework
DEBUG main io.netty.channel.MultithreadEventLoopGroup - -Dio.netty.eventLoopThreads: 32
DEBUG main io.netty.util.internal.InternalThreadLocalMap - -Dio.netty.threadLocalMap.stringBuilder.initialSize: 1024
DEBUG main io.netty.util.internal.InternalThreadLocalMap - -Dio.netty.threadLocalMap.stringBuilder.maxSize: 4096
DEBUG main io.netty.util.internal.PlatformDependent0 - -Dio.netty.noUnsafe: false
DEBUG main io.netty.util.internal.PlatformDependent0 - Java version: 8
DEBUG main io.netty.util.internal.PlatformDependent0 - sun.misc.Unsafe.theUnsafe: available
DEBUG main io.netty.util.internal.PlatformDependent0 - sun.misc.Unsafe.copyMemory: available
DEBUG main io.netty.util.internal.PlatformDependent0 - sun.misc.Unsafe.storeFence: available
DEBUG main io.netty.util.internal.PlatformDependent0 - java.nio.Buffer.address: available
DEBUG main io.netty.util.internal.PlatformDependent0 - direct buffer constructor: available
DEBUG main io.netty.util.internal.PlatformDependent0 - java.nio.Bits.unaligned: available, true
DEBUG main io.netty.util.internal.PlatformDependent0 - jdk.internal.misc.Unsafe.allocateUninitializedArray(int): unavailable prior to Java9
DEBUG main io.netty.util.internal.PlatformDependent0 - java.nio.DirectByteBuffer.<init>(long, int): available
DEBUG main io.netty.util.internal.PlatformDependent - sun.misc.Unsafe: available
DEBUG main io.netty.util.internal.PlatformDependent - -Dio.netty.tmpdir: /tmp (java.io.tmpdir)
DEBUG main io.netty.util.internal.PlatformDependent - -Dio.netty.bitMode: 64 (sun.arch.data.model)
DEBUG main io.netty.util.internal.PlatformDependent - -Dio.netty.maxDirectMemory: 6507986944 bytes
DEBUG main io.netty.util.internal.PlatformDependent - -Dio.netty.uninitializedArrayAllocationThreshold: -1
DEBUG main io.netty.util.internal.CleanerJava6 - java.nio.ByteBuffer.cleaner(): available
DEBUG main io.netty.util.internal.PlatformDependent - -Dio.netty.noPreferDirect: false
DEBUG main io.netty.channel.nio.NioEventLoop - -Dio.netty.noKeySetOptimization: false
DEBUG main io.netty.channel.nio.NioEventLoop - -Dio.netty.selectorAutoRebuildThreshold: 512
DEBUG main io.netty.util.internal.PlatformDependent - org.jctools-core.MpscChunkedArrayQueue: available
DEBUG main io.netty.channel.DefaultChannelId - -Dio.netty.processId: 25149 (auto-detected)
DEBUG main io.netty.util.NetUtil - -Djava.net.preferIPv4Stack: false
DEBUG main io.netty.util.NetUtil - -Djava.net.preferIPv6Addresses: false
DEBUG main io.netty.util.NetUtilInitializations - Loopback interface: lo (lo, 0:0:0:0:0:0:0:1%lo)
DEBUG main io.netty.util.NetUtil - /proc/sys/net/core/somaxconn: 4096
DEBUG main io.netty.channel.DefaultChannelId - -Dio.netty.machineId: 78:2b:46:ff:fe:d6:04:3e (auto-detected)
DEBUG main io.netty.util.ResourceLeakDetector - -Dio.netty.leakDetection.level: simple
DEBUG main io.netty.util.ResourceLeakDetector - -Dio.netty.leakDetection.targetRecords: 4
DEBUG main io.netty.buffer.PooledByteBufAllocator - -Dio.netty.allocator.numHeapArenas: 32
DEBUG main io.netty.buffer.PooledByteBufAllocator - -Dio.netty.allocator.numDirectArenas: 32
DEBUG main io.netty.buffer.PooledByteBufAllocator - -Dio.netty.allocator.pageSize: 8192
DEBUG main io.netty.buffer.PooledByteBufAllocator - -Dio.netty.allocator.maxOrder: 9
DEBUG main io.netty.buffer.PooledByteBufAllocator - -Dio.netty.allocator.chunkSize: 4194304
DEBUG main io.netty.buffer.PooledByteBufAllocator - -Dio.netty.allocator.smallCacheSize: 256
DEBUG main io.netty.buffer.PooledByteBufAllocator - -Dio.netty.allocator.normalCacheSize: 64
DEBUG main io.netty.buffer.PooledByteBufAllocator - -Dio.netty.allocator.maxCachedBufferCapacity: 32768
DEBUG main io.netty.buffer.PooledByteBufAllocator - -Dio.netty.allocator.cacheTrimInterval: 8192
DEBUG main io.netty.buffer.PooledByteBufAllocator - -Dio.netty.allocator.cacheTrimIntervalMillis: 0
DEBUG main io.netty.buffer.PooledByteBufAllocator - -Dio.netty.allocator.useCacheForAllThreads: false
DEBUG main io.netty.buffer.PooledByteBufAllocator - -Dio.netty.allocator.maxCachedByteBuffersPerChunk: 1023
DEBUG main io.netty.buffer.ByteBufUtil - -Dio.netty.allocator.type: pooled
DEBUG main io.netty.buffer.ByteBufUtil - -Dio.netty.threadLocalDirectBufferSize: 0
DEBUG main io.netty.buffer.ByteBufUtil - -Dio.netty.maxThreadLocalCharBufferSize: 16384
DEBUG main io.netty.util.internal.logging.InternalLoggerFactory - Using SLF4J as the default logging framework
DEBUG main io.netty.channel.MultithreadEventLoopGroup - -Dio.netty.eventLoopThreads: 32
DEBUG main io.netty.util.internal.InternalThreadLocalMap - -Dio.netty.threadLocalMap.stringBuilder.initialSize: 1024
DEBUG main io.netty.util.internal.InternalThreadLocalMap - -Dio.netty.threadLocalMap.stringBuilder.maxSize: 4096
DEBUG main io.netty.util.internal.PlatformDependent0 - -Dio.netty.noUnsafe: false
DEBUG main io.netty.util.internal.PlatformDependent0 - Java version: 8
DEBUG main io.netty.util.internal.PlatformDependent0 - sun.misc.Unsafe.theUnsafe: available
DEBUG main io.netty.util.internal.PlatformDependent0 - sun.misc.Unsafe.copyMemory: available
DEBUG main io.netty.util.internal.PlatformDependent0 - sun.misc.Unsafe.storeFence: available
DEBUG main io.netty.util.internal.PlatformDependent0 - java.nio.Buffer.address: available
DEBUG main io.netty.util.internal.PlatformDependent0 - direct buffer constructor: available
DEBUG main io.netty.util.internal.PlatformDependent0 - java.nio.Bits.unaligned: available, true
DEBUG main io.netty.util.internal.PlatformDependent0 - jdk.internal.misc.Unsafe.allocateUninitializedArray(int): unavailable prior to Java9
DEBUG main io.netty.util.internal.PlatformDependent0 - java.nio.DirectByteBuffer.<init>(long, int): available
DEBUG main io.netty.util.internal.PlatformDependent - sun.misc.Unsafe: available
DEBUG main io.netty.util.internal.PlatformDependent - -Dio.netty.tmpdir: /tmp (java.io.tmpdir)
DEBUG main io.netty.util.internal.PlatformDependent - -Dio.netty.bitMode: 64 (sun.arch.data.model)
DEBUG main io.netty.util.internal.PlatformDependent - -Dio.netty.maxDirectMemory: 6507986944 bytes
DEBUG main io.netty.util.internal.PlatformDependent - -Dio.netty.uninitializedArrayAllocationThreshold: -1
DEBUG main io.netty.util.internal.CleanerJava6 - java.nio.ByteBuffer.cleaner(): available
DEBUG main io.netty.util.internal.PlatformDependent - -Dio.netty.noPreferDirect: false
DEBUG main io.netty.channel.nio.NioEventLoop - -Dio.netty.noKeySetOptimization: false
DEBUG main io.netty.channel.nio.NioEventLoop - -Dio.netty.selectorAutoRebuildThreshold: 512
DEBUG main io.netty.util.internal.PlatformDependent - org.jctools-core.MpscChunkedArrayQueue: available
DEBUG main io.netty.channel.DefaultChannelId - -Dio.netty.processId: 25243 (auto-detected)
DEBUG main io.netty.util.NetUtil - -Djava.net.preferIPv4Stack: false
DEBUG main io.netty.util.NetUtil - -Djava.net.preferIPv6Addresses: false
DEBUG main io.netty.util.NetUtilInitializations - Loopback interface: lo (lo, 0:0:0:0:0:0:0:1%lo)
DEBUG main io.netty.util.NetUtil - /proc/sys/net/core/somaxconn: 4096
DEBUG main io.netty.channel.DefaultChannelId - -Dio.netty.machineId: 78:2b:46:ff:fe:d6:04:3e (auto-detected)
DEBUG main io.netty.util.ResourceLeakDetector - -Dio.netty.leakDetection.level: simple
DEBUG main io.netty.util.ResourceLeakDetector - -Dio.netty.leakDetection.targetRecords: 4
DEBUG main io.netty.buffer.PooledByteBufAllocator - -Dio.netty.allocator.numHeapArenas: 32
DEBUG main io.netty.buffer.PooledByteBufAllocator - -Dio.netty.allocator.numDirectArenas: 32
DEBUG main io.netty.buffer.PooledByteBufAllocator - -Dio.netty.allocator.pageSize: 8192
DEBUG main io.netty.buffer.PooledByteBufAllocator - -Dio.netty.allocator.maxOrder: 9
DEBUG main io.netty.buffer.PooledByteBufAllocator - -Dio.netty.allocator.chunkSize: 4194304
DEBUG main io.netty.buffer.PooledByteBufAllocator - -Dio.netty.allocator.smallCacheSize: 256
DEBUG main io.netty.buffer.PooledByteBufAllocator - -Dio.netty.allocator.normalCacheSize: 64
DEBUG main io.netty.buffer.PooledByteBufAllocator - -Dio.netty.allocator.maxCachedBufferCapacity: 32768
DEBUG main io.netty.buffer.PooledByteBufAllocator - -Dio.netty.allocator.cacheTrimInterval: 8192
DEBUG main io.netty.buffer.PooledByteBufAllocator - -Dio.netty.allocator.cacheTrimIntervalMillis: 0
DEBUG main io.netty.buffer.PooledByteBufAllocator - -Dio.netty.allocator.useCacheForAllThreads: false
DEBUG main io.netty.buffer.PooledByteBufAllocator - -Dio.netty.allocator.maxCachedByteBuffersPerChunk: 1023
DEBUG main io.netty.buffer.ByteBufUtil - -Dio.netty.allocator.type: pooled
DEBUG main io.netty.buffer.ByteBufUtil - -Dio.netty.threadLocalDirectBufferSize: 0
DEBUG main io.netty.buffer.ByteBufUtil - -Dio.netty.maxThreadLocalCharBufferSize: 16384
INFO main org.client.NettyClient - connect success
DEBUG main io.netty.util.Recycler - -Dio.netty.recycler.maxCapacityPerThread: 4096
DEBUG main io.netty.util.Recycler - -Dio.netty.recycler.ratio: 8
DEBUG main io.netty.util.Recycler - -Dio.netty.recycler.chunkSize: 32
DEBUG main io.netty.util.Recycler - -Dio.netty.recycler.blocking: false
DEBUG nioEventLoopGroup-2-1 io.netty.buffer.AbstractByteBuf - -Dio.netty.buffer.checkAccessible: true
DEBUG nioEventLoopGroup-2-1 io.netty.buffer.AbstractByteBuf - -Dio.netty.buffer.checkBounds: true
DEBUG nioEventLoopGroup-2-1 io.netty.util.ResourceLeakDetectorFactory - Loaded default ResourceLeakDetector: io.netty.util.ResourceLeakDetector@28b5d045
INFO nioEventLoopGroup-2-1 org.client.NettyClient - client send message: RpcRequest(interfaceName=interface, methodName=method)
DEBUG nioEventLoopGroup-2-2 io.netty.util.Recycler - -Dio.netty.recycler.maxCapacityPerThread: 4096
DEBUG nioEventLoopGroup-2-2 io.netty.util.Recycler - -Dio.netty.recycler.ratio: 8
DEBUG nioEventLoopGroup-2-2 io.netty.util.Recycler - -Dio.netty.recycler.chunkSize: 32
DEBUG nioEventLoopGroup-2-2 io.netty.util.Recycler - -Dio.netty.recycler.blocking: false
DEBUG nioEventLoopGroup-2-2 io.netty.buffer.AbstractByteBuf - -Dio.netty.buffer.checkAccessible: true
DEBUG nioEventLoopGroup-2-2 io.netty.buffer.AbstractByteBuf - -Dio.netty.buffer.checkBounds: true
DEBUG nioEventLoopGroup-2-2 io.netty.util.ResourceLeakDetectorFactory - Loaded default ResourceLeakDetector: io.netty.util.ResourceLeakDetector@34ac0bda
INFO nioEventLoopGroup-2-2 org.codec.NettyKryoDecoder - data length: 15
INFO nioEventLoopGroup-2-2 org.codec.NettyKryoDecoder - readableBytes: 15
INFO nioEventLoopGroup-2-2 org.codec.NettyKryoDecoder - successful decode byteBuf to Object
INFO nioEventLoopGroup-2-2 org.server.NettyServerHandler - server receive msg: RpcRequest(interfaceName=interface, methodName=method)
INFO nioEventLoopGroup-2-1 org.codec.NettyKryoDecoder - data length: 5
INFO nioEventLoopGroup-2-1 org.codec.NettyKryoDecoder - readableBytes: 5
INFO nioEventLoopGroup-2-1 org.codec.NettyKryoDecoder - successful decode byteBuf to Object
INFO main org.client.NettyClient - rpcResponse: hello
